<?xml version="1.0" encoding="UTF-8"?>
<!-- Generated by org.testng.reporters.JUnitReportReporter -->
<testsuite hostname="DESKTOP-E5SOLVG" failures="0" tests="4" name="basicMethods.AllRequest" time="8.264" errors="0" timestamp="2023-08-26T13:03:50 IST" skipped="0">
  <testcase classname="basicMethods.AllRequest" name="getUsers" time="4.664"/>
  <system-out/>
  <testcase classname="basicMethods.AllRequest" name="updateUser" time="1.346"/>
  <system-out/>
  <testcase classname="basicMethods.AllRequest" name="CreateUser" time="1.078"/>
  <system-out/>
  <testcase classname="basicMethods.AllRequest" name="delete" time="1.176"/>
  <system-out/>
</testsuite> <!-- basicMethods.AllRequest -->
