<?xml version="1.0" encoding="UTF-8"?>
<!-- Generated by org.testng.reporters.JUnitReportReporter -->
<testsuite hostname="DESKTOP-E5SOLVG" failures="0" tests="1" name="beginning.Basics" time="3.868" errors="0" timestamp="2023-06-28T14:27:07 IST" skipped="0">
  <testcase classname="beginning.Basics" name="addPlace" time="3.868"/>
  <system-out/>
</testsuite> <!-- beginning.Basics -->
