<?xml version="1.0" encoding="UTF-8"?>
<!-- Generated by org.testng.reporters.JUnitReportReporter -->
<testsuite hostname="DESKTOP-E5SOLVG" failures="0" tests="2" name="basicMethods.HowManyWayToCreateRequestBody" time="3.052" errors="0" timestamp="2023-08-27T07:29:04 IST" skipped="0">
  <testcase classname="basicMethods.HowManyWayToCreateRequestBody" name="testPostUsingPojoClass" time="2.988"/>
  <system-out/>
  <testcase classname="basicMethods.HowManyWayToCreateRequestBody" name="deleteRecord" time="0.064"/>
  <system-out/>
</testsuite> <!-- basicMethods.HowManyWayToCreateRequestBody -->
