<?xml version="1.0" encoding="UTF-8"?>
<!-- Generated by org.testng.reporters.JUnitReportReporter -->
<testsuite hostname="DESKTOP-E5SOLVG" failures="0" tests="1" name="beginning.DynamicJson" time="3.924" errors="0" timestamp="2023-08-26T07:36:18 IST" skipped="0">
  <testcase classname="beginning.DynamicJson" name="addBooks" time="3.924"/>
  <system-out/>
</testsuite> <!-- beginning.DynamicJson -->
