<?xml version="1.0" encoding="UTF-8"?>
<!-- Generated by org.testng.reporters.JUnitReportReporter -->
<testsuite hostname="DESKTOP-E5SOLVG" failures="0" tests="1" name="beginning.SumValidation" time="1.640" errors="0" timestamp="2023-08-26T07:52:46 IST" skipped="0">
  <testcase classname="beginning.SumValidation" name="sumOfCourses" time="1.640"/>
  <system-out/>
</testsuite> <!-- beginning.SumValidation -->
